<?xml version="1.0" encoding="UTF-8"?>
<testng-results ignored="0" total="1" passed="1" failed="0" skipped="0">
  <reporter-output>
  </reporter-output>
  <suite started-at="2022-12-20T04:55:36Z" name="Default suite" finished-at="2022-12-20T04:55:49Z" duration-ms="12915">
    <groups>
    </groups>
    <test started-at="2022-12-20T04:55:36Z" name="Default test" finished-at="2022-12-20T04:55:49Z" duration-ms="12915">
      <class name="test.ListPageTest">
        <test-method is-config="true" signature="setUp()[pri:0, instance:test.ListPageTest@797b0699]" started-at="2022-12-19T23:55:27Z" name="setUp" finished-at="2022-12-19T23:55:36Z" duration-ms="9773" status="PASS">
          <reporter-output>
          </reporter-output>
        </test-method> <!-- setUp -->
        <test-method signature="TestListPage(java.lang.String, java.lang.String, java.lang.String, java.lang.String, java.lang.String, java.lang.String, java.lang.String, java.lang.String, java.lang.String, java.lang.String, java.lang.String, java.lang.String, java.lang.String, java.lang.String, java.lang.String, java.lang.String, java.lang.String)[pri:0, instance:test.ListPageTest@797b0699]" started-at="2022-12-19T23:55:37Z" name="TestListPage" data-provider="dp" finished-at="2022-12-19T23:55:49Z" duration-ms="12317" status="PASS">
          <params>
            <param index="0">
              <value>
                <![CDATA[demo]]>
              </value>
            </param>
            <param index="1">
              <value>
                <![CDATA[Demodemodemo123-]]>
              </value>
            </param>
            <param index="2">
              <value>
                <![CDATA[Bator]]>
              </value>
            </param>
            <param index="3">
              <value>
                <![CDATA[2020]]>
              </value>
            </param>
            <param index="4">
              <value>
                <![CDATA[Jan]]>
              </value>
            </param>
            <param index="5">
              <value>
                <![CDATA[5]]>
              </value>
            </param>
            <param index="6">
              <value>
                <![CDATA[43895]]>
              </value>
            </param>
            <param index="7">
              <value>
                <![CDATA[30 days]]>
              </value>
            </param>
            <param index="8">
              <value>
                <![CDATA[Cash]]>
              </value>
            </param>
            <param index="9">
              <value>
                <![CDATA[Cash]]>
              </value>
            </param>
            <param index="10">
              <value>
                <![CDATA[22-P-00045-002]]>
              </value>
            </param>
            <param index="11">
              <value>
                <![CDATA[CFR]]>
              </value>
            </param>
            <param index="12">
              <value>
                <![CDATA[crabe]]>
              </value>
            </param>
            <param index="13">
              <value>
                <![CDATA[US Dollars]]>
              </value>
            </param>
            <param index="14">
              <value>
                <![CDATA[its public]]>
              </value>
            </param>
            <param index="15">
              <value>
                <![CDATA[its private]]>
              </value>
            </param>
            <param index="16">
              <value>
                <![CDATA[PROV846]]>
              </value>
            </param>
          </params>
          <reporter-output>
          </reporter-output>
        </test-method> <!-- TestListPage -->
      </class> <!-- test.ListPageTest -->
    </test> <!-- Default test -->
  </suite> <!-- Default suite -->
</testng-results>
