<?xml version="1.0" encoding="UTF-8"?>
<!-- Generated by org.testng.reporters.JUnitXMLReporter -->
<testsuite ignored="3" hostname="Krishnas-Air" failures="0" tests="4" name="Test" time="7.54" errors="0" timestamp="08 Sep 2022 04:54:30 GMT">
  <testcase classname="test.HomePageTest" name="testHomePage" time="1.167"/>
  <testcase classname="test.LogInPageTest" name="testLogInPage" time="2.312"/>
  <testcase classname="test.BillingPageTest" name="testBillingPage" time="2.024"/>
  <testcase classname="test.NewInvoicePageTest" name="testNewInvoicePage" time="1.432"/>
  <testcase classname="test.BaseTest" name="@BeforeSuite setUp" time="0.0">
    <ignored/>
  </testcase> <!-- @BeforeSuite setUp -->
  <testcase classname="test.BaseTest" name="@BeforeSuite setUp" time="0.0">
    <ignored/>
  </testcase> <!-- @BeforeSuite setUp -->
  <testcase classname="test.BaseTest" name="@BeforeSuite setUp" time="0.0">
    <ignored/>
  </testcase> <!-- @BeforeSuite setUp -->
</testsuite> <!-- Test -->
